<?xml version="1.0" encoding="UTF-8"?>
<testsuite xmlns:xsi="http://www.w3.org/2001/XMLSchema-instance" xsi:noNamespaceSchemaLocation="https://maven.apache.org/surefire/maven-surefire-plugin/xsd/surefire-test-report.xsd" name="com.example.hackathoncovid.HackathoncovidApplicationTests" time="7.261" tests="1" errors="0" skipped="0" failures="0">
  <properties>
    <property name="gopherProxySet" value="false"/>
    <property name="awt.toolkit" value="sun.lwawt.macosx.LWCToolkit"/>
    <property name="file.encoding.pkg" value="sun.io"/>
    <property name="java.specification.version" value="1.8"/>
    <property name="sun.cpu.isalist" value=""/>
    <property name="sun.jnu.encoding" value="UTF-8"/>
    <property name="java.class.path" value="/Users/blakshm4/hackathoncovid/target/test-classes:/Users/blakshm4/hackathoncovid/target/classes:/Users/blakshm4/.m2/repo1/org/springframework/boot/spring-boot-starter-data-rest/2.2.7.RELEASE/spring-boot-starter-data-rest-2.2.7.RELEASE.jar:/Users/blakshm4/.m2/repo1/org/springframework/data/spring-data-rest-webmvc/3.2.7.RELEASE/spring-data-rest-webmvc-3.2.7.RELEASE.jar:/Users/blakshm4/.m2/repo1/org/springframework/data/spring-data-rest-core/3.2.7.RELEASE/spring-data-rest-core-3.2.7.RELEASE.jar:/Users/blakshm4/.m2/repo1/org/springframework/hateoas/spring-hateoas/1.0.5.RELEASE/spring-hateoas-1.0.5.RELEASE.jar:/Users/blakshm4/.m2/repo1/org/springframework/plugin/spring-plugin-core/2.0.0.RELEASE/spring-plugin-core-2.0.0.RELEASE.jar:/Users/blakshm4/.m2/repo1/org/atteo/evo-inflector/1.2.2/evo-inflector-1.2.2.jar:/Users/blakshm4/.m2/repo1/com/fasterxml/jackson/core/jackson-databind/2.10.4/jackson-databind-2.10.4.jar:/Users/blakshm4/.m2/repo1/com/fasterxml/jackson/core/jackson-core/2.10.4/jackson-core-2.10.4.jar:/Users/blakshm4/.m2/repo1/com/fasterxml/jackson/core/jackson-annotations/2.10.4/jackson-annotations-2.10.4.jar:/Users/blakshm4/.m2/repo1/org/slf4j/slf4j-api/1.7.30/slf4j-api-1.7.30.jar:/Users/blakshm4/.m2/repo1/org/springframework/boot/spring-boot-starter-web/2.2.7.RELEASE/spring-boot-starter-web-2.2.7.RELEASE.jar:/Users/blakshm4/.m2/repo1/org/springframework/boot/spring-boot-starter/2.2.7.RELEASE/spring-boot-starter-2.2.7.RELEASE.jar:/Users/blakshm4/.m2/repo1/org/springframework/boot/spring-boot/2.2.7.RELEASE/spring-boot-2.2.7.RELEASE.jar:/Users/blakshm4/.m2/repo1/org/springframework/boot/spring-boot-autoconfigure/2.2.7.RELEASE/spring-boot-autoconfigure-2.2.7.RELEASE.jar:/Users/blakshm4/.m2/repo1/org/springframework/boot/spring-boot-starter-logging/2.2.7.RELEASE/spring-boot-starter-logging-2.2.7.RELEASE.jar:/Users/blakshm4/.m2/repo1/ch/qos/logback/logback-classic/1.2.3/logback-classic-1.2.3.jar:/Users/blakshm4/.m2/repo1/ch/qos/logback/logback-core/1.2.3/logback-core-1.2.3.jar:/Users/blakshm4/.m2/repo1/org/apache/logging/log4j/log4j-to-slf4j/2.12.1/log4j-to-slf4j-2.12.1.jar:/Users/blakshm4/.m2/repo1/org/apache/logging/log4j/log4j-api/2.12.1/log4j-api-2.12.1.jar:/Users/blakshm4/.m2/repo1/org/slf4j/jul-to-slf4j/1.7.30/jul-to-slf4j-1.7.30.jar:/Users/blakshm4/.m2/repo1/jakarta/annotation/jakarta.annotation-api/1.3.5/jakarta.annotation-api-1.3.5.jar:/Users/blakshm4/.m2/repo1/org/yaml/snakeyaml/1.25/snakeyaml-1.25.jar:/Users/blakshm4/.m2/repo1/org/springframework/boot/spring-boot-starter-json/2.2.7.RELEASE/spring-boot-starter-json-2.2.7.RELEASE.jar:/Users/blakshm4/.m2/repo1/com/fasterxml/jackson/datatype/jackson-datatype-jdk8/2.10.4/jackson-datatype-jdk8-2.10.4.jar:/Users/blakshm4/.m2/repo1/com/fasterxml/jackson/datatype/jackson-datatype-jsr310/2.10.4/jackson-datatype-jsr310-2.10.4.jar:/Users/blakshm4/.m2/repo1/com/fasterxml/jackson/module/jackson-module-parameter-names/2.10.4/jackson-module-parameter-names-2.10.4.jar:/Users/blakshm4/.m2/repo1/org/springframework/boot/spring-boot-starter-tomcat/2.2.7.RELEASE/spring-boot-starter-tomcat-2.2.7.RELEASE.jar:/Users/blakshm4/.m2/repo1/org/apache/tomcat/embed/tomcat-embed-core/9.0.34/tomcat-embed-core-9.0.34.jar:/Users/blakshm4/.m2/repo1/org/apache/tomcat/embed/tomcat-embed-el/9.0.34/tomcat-embed-el-9.0.34.jar:/Users/blakshm4/.m2/repo1/org/apache/tomcat/embed/tomcat-embed-websocket/9.0.34/tomcat-embed-websocket-9.0.34.jar:/Users/blakshm4/.m2/repo1/org/springframework/boot/spring-boot-starter-validation/2.2.7.RELEASE/spring-boot-starter-validation-2.2.7.RELEASE.jar:/Users/blakshm4/.m2/repo1/jakarta/validation/jakarta.validation-api/2.0.2/jakarta.validation-api-2.0.2.jar:/Users/blakshm4/.m2/repo1/org/hibernate/validator/hibernate-validator/6.0.19.Final/hibernate-validator-6.0.19.Final.jar:/Users/blakshm4/.m2/repo1/org/springframework/spring-web/5.2.6.RELEASE/spring-web-5.2.6.RELEASE.jar:/Users/blakshm4/.m2/repo1/org/springframework/spring-beans/5.2.6.RELEASE/spring-beans-5.2.6.RELEASE.jar:/Users/blakshm4/.m2/repo1/org/springframework/spring-webmvc/5.2.6.RELEASE/spring-webmvc-5.2.6.RELEASE.jar:/Users/blakshm4/.m2/repo1/org/springframework/spring-aop/5.2.6.RELEASE/spring-aop-5.2.6.RELEASE.jar:/Users/blakshm4/.m2/repo1/org/springframework/spring-context/5.2.6.RELEASE/spring-context-5.2.6.RELEASE.jar:/Users/blakshm4/.m2/repo1/org/springframework/spring-expression/5.2.6.RELEASE/spring-expression-5.2.6.RELEASE.jar:/Users/blakshm4/.m2/repo1/org/springframework/boot/spring-boot-starter-web-services/2.2.7.RELEASE/spring-boot-starter-web-services-2.2.7.RELEASE.jar:/Users/blakshm4/.m2/repo1/com/sun/xml/messaging/saaj/saaj-impl/1.5.2/saaj-impl-1.5.2.jar:/Users/blakshm4/.m2/repo1/jakarta/xml/soap/jakarta.xml.soap-api/1.4.2/jakarta.xml.soap-api-1.4.2.jar:/Users/blakshm4/.m2/repo1/org/jvnet/staxex/stax-ex/1.8.3/stax-ex-1.8.3.jar:/Users/blakshm4/.m2/repo1/com/sun/activation/jakarta.activation/1.2.2/jakarta.activation-1.2.2.jar:/Users/blakshm4/.m2/repo1/jakarta/xml/ws/jakarta.xml.ws-api/2.3.3/jakarta.xml.ws-api-2.3.3.jar:/Users/blakshm4/.m2/repo1/jakarta/jws/jakarta.jws-api/2.1.0/jakarta.jws-api-2.1.0.jar:/Users/blakshm4/.m2/repo1/org/springframework/spring-oxm/5.2.6.RELEASE/spring-oxm-5.2.6.RELEASE.jar:/Users/blakshm4/.m2/repo1/org/springframework/ws/spring-ws-core/3.0.9.RELEASE/spring-ws-core-3.0.9.RELEASE.jar:/Users/blakshm4/.m2/repo1/org/springframework/ws/spring-xml/3.0.9.RELEASE/spring-xml-3.0.9.RELEASE.jar:/Users/blakshm4/.m2/repo1/org/springframework/boot/spring-boot-starter-data-jpa/2.2.7.RELEASE/spring-boot-starter-data-jpa-2.2.7.RELEASE.jar:/Users/blakshm4/.m2/repo1/org/springframework/boot/spring-boot-starter-aop/2.2.7.RELEASE/spring-boot-starter-aop-2.2.7.RELEASE.jar:/Users/blakshm4/.m2/repo1/org/aspectj/aspectjweaver/1.9.5/aspectjweaver-1.9.5.jar:/Users/blakshm4/.m2/repo1/org/springframework/boot/spring-boot-starter-jdbc/2.2.7.RELEASE/spring-boot-starter-jdbc-2.2.7.RELEASE.jar:/Users/blakshm4/.m2/repo1/com/zaxxer/HikariCP/3.4.3/HikariCP-3.4.3.jar:/Users/blakshm4/.m2/repo1/org/springframework/spring-jdbc/5.2.6.RELEASE/spring-jdbc-5.2.6.RELEASE.jar:/Users/blakshm4/.m2/repo1/jakarta/persistence/jakarta.persistence-api/2.2.3/jakarta.persistence-api-2.2.3.jar:/Users/blakshm4/.m2/repo1/jakarta/transaction/jakarta.transaction-api/1.3.3/jakarta.transaction-api-1.3.3.jar:/Users/blakshm4/.m2/repo1/org/hibernate/hibernate-core/5.4.15.Final/hibernate-core-5.4.15.Final.jar:/Users/blakshm4/.m2/repo1/org/jboss/logging/jboss-logging/3.4.1.Final/jboss-logging-3.4.1.Final.jar:/Users/blakshm4/.m2/repo1/org/javassist/javassist/3.24.0-GA/javassist-3.24.0-GA.jar:/Users/blakshm4/.m2/repo1/net/bytebuddy/byte-buddy/1.10.10/byte-buddy-1.10.10.jar:/Users/blakshm4/.m2/repo1/antlr/antlr/2.7.7/antlr-2.7.7.jar:/Users/blakshm4/.m2/repo1/org/jboss/jandex/2.1.3.Final/jandex-2.1.3.Final.jar:/Users/blakshm4/.m2/repo1/com/fasterxml/classmate/1.5.1/classmate-1.5.1.jar:/Users/blakshm4/.m2/repo1/org/dom4j/dom4j/2.1.3/dom4j-2.1.3.jar:/Users/blakshm4/.m2/repo1/org/hibernate/common/hibernate-commons-annotations/5.1.0.Final/hibernate-commons-annotations-5.1.0.Final.jar:/Users/blakshm4/.m2/repo1/org/glassfish/jaxb/jaxb-runtime/2.3.3/jaxb-runtime-2.3.3.jar:/Users/blakshm4/.m2/repo1/org/glassfish/jaxb/txw2/2.3.3/txw2-2.3.3.jar:/Users/blakshm4/.m2/repo1/com/sun/istack/istack-commons-runtime/3.0.11/istack-commons-runtime-3.0.11.jar:/Users/blakshm4/.m2/repo1/org/springframework/data/spring-data-jpa/2.2.7.RELEASE/spring-data-jpa-2.2.7.RELEASE.jar:/Users/blakshm4/.m2/repo1/org/springframework/data/spring-data-commons/2.2.7.RELEASE/spring-data-commons-2.2.7.RELEASE.jar:/Users/blakshm4/.m2/repo1/org/springframework/spring-orm/5.2.6.RELEASE/spring-orm-5.2.6.RELEASE.jar:/Users/blakshm4/.m2/repo1/org/springframework/spring-tx/5.2.6.RELEASE/spring-tx-5.2.6.RELEASE.jar:/Users/blakshm4/.m2/repo1/org/springframework/spring-aspects/5.2.6.RELEASE/spring-aspects-5.2.6.RELEASE.jar:/Users/blakshm4/.m2/repo1/org/postgresql/postgresql/42.2.12/postgresql-42.2.12.jar:/Users/blakshm4/.m2/repo1/mysql/mysql-connector-java/8.0.20/mysql-connector-java-8.0.20.jar:/Users/blakshm4/.m2/repo1/org/springframework/boot/spring-boot-starter-test/2.2.7.RELEASE/spring-boot-starter-test-2.2.7.RELEASE.jar:/Users/blakshm4/.m2/repo1/org/springframework/boot/spring-boot-test/2.2.7.RELEASE/spring-boot-test-2.2.7.RELEASE.jar:/Users/blakshm4/.m2/repo1/org/springframework/boot/spring-boot-test-autoconfigure/2.2.7.RELEASE/spring-boot-test-autoconfigure-2.2.7.RELEASE.jar:/Users/blakshm4/.m2/repo1/com/jayway/jsonpath/json-path/2.4.0/json-path-2.4.0.jar:/Users/blakshm4/.m2/repo1/net/minidev/json-smart/2.3/json-smart-2.3.jar:/Users/blakshm4/.m2/repo1/net/minidev/accessors-smart/1.2/accessors-smart-1.2.jar:/Users/blakshm4/.m2/repo1/org/ow2/asm/asm/5.0.4/asm-5.0.4.jar:/Users/blakshm4/.m2/repo1/jakarta/xml/bind/jakarta.xml.bind-api/2.3.3/jakarta.xml.bind-api-2.3.3.jar:/Users/blakshm4/.m2/repo1/jakarta/activation/jakarta.activation-api/1.2.2/jakarta.activation-api-1.2.2.jar:/Users/blakshm4/.m2/repo1/org/junit/jupiter/junit-jupiter/5.5.2/junit-jupiter-5.5.2.jar:/Users/blakshm4/.m2/repo1/org/junit/jupiter/junit-jupiter-api/5.5.2/junit-jupiter-api-5.5.2.jar:/Users/blakshm4/.m2/repo1/org/apiguardian/apiguardian-api/1.1.0/apiguardian-api-1.1.0.jar:/Users/blakshm4/.m2/repo1/org/opentest4j/opentest4j/1.2.0/opentest4j-1.2.0.jar:/Users/blakshm4/.m2/repo1/org/junit/platform/junit-platform-commons/1.5.2/junit-platform-commons-1.5.2.jar:/Users/blakshm4/.m2/repo1/org/junit/jupiter/junit-jupiter-params/5.5.2/junit-jupiter-params-5.5.2.jar:/Users/blakshm4/.m2/repo1/org/junit/jupiter/junit-jupiter-engine/5.5.2/junit-jupiter-engine-5.5.2.jar:/Users/blakshm4/.m2/repo1/org/junit/platform/junit-platform-engine/1.5.2/junit-platform-engine-1.5.2.jar:/Users/blakshm4/.m2/repo1/org/mockito/mockito-junit-jupiter/3.1.0/mockito-junit-jupiter-3.1.0.jar:/Users/blakshm4/.m2/repo1/org/assertj/assertj-core/3.13.2/assertj-core-3.13.2.jar:/Users/blakshm4/.m2/repo1/org/hamcrest/hamcrest/2.1/hamcrest-2.1.jar:/Users/blakshm4/.m2/repo1/org/mockito/mockito-core/3.1.0/mockito-core-3.1.0.jar:/Users/blakshm4/.m2/repo1/net/bytebuddy/byte-buddy-agent/1.10.10/byte-buddy-agent-1.10.10.jar:/Users/blakshm4/.m2/repo1/org/objenesis/objenesis/2.6/objenesis-2.6.jar:/Users/blakshm4/.m2/repo1/org/skyscreamer/jsonassert/1.5.0/jsonassert-1.5.0.jar:/Users/blakshm4/.m2/repo1/com/vaadin/external/google/android-json/0.0.20131108.vaadin1/android-json-0.0.20131108.vaadin1.jar:/Users/blakshm4/.m2/repo1/org/springframework/spring-core/5.2.6.RELEASE/spring-core-5.2.6.RELEASE.jar:/Users/blakshm4/.m2/repo1/org/springframework/spring-jcl/5.2.6.RELEASE/spring-jcl-5.2.6.RELEASE.jar:/Users/blakshm4/.m2/repo1/org/springframework/spring-test/5.2.6.RELEASE/spring-test-5.2.6.RELEASE.jar:/Users/blakshm4/.m2/repo1/org/xmlunit/xmlunit-core/2.6.4/xmlunit-core-2.6.4.jar:"/>
    <property name="java.vm.vendor" value="Oracle Corporation"/>
    <property name="sun.arch.data.model" value="64"/>
    <property name="java.vendor.url" value="http://java.oracle.com/"/>
    <property name="user.timezone" value=""/>
    <property name="java.vm.specification.version" value="1.8"/>
    <property name="os.name" value="Mac OS X"/>
    <property name="user.country" value="IN"/>
    <property name="sun.java.launcher" value="SUN_STANDARD"/>
    <property name="sun.boot.library.path" value="/Library/Java/JavaVirtualMachines/jdk1.8.0_191.jdk/Contents/Home/jre/lib"/>
    <property name="sun.java.command" value="/Users/blakshm4/hackathoncovid/target/surefire/surefirebooter5723724491034301113.jar /Users/blakshm4/hackathoncovid/target/surefire 2020-06-06T02-43-01_779-jvmRun1 surefire783602237052165875tmp surefire_07696975375357311579tmp"/>
    <property name="surefire.test.class.path" value="/Users/blakshm4/hackathoncovid/target/test-classes:/Users/blakshm4/hackathoncovid/target/classes:/Users/blakshm4/.m2/repo1/org/springframework/boot/spring-boot-starter-data-rest/2.2.7.RELEASE/spring-boot-starter-data-rest-2.2.7.RELEASE.jar:/Users/blakshm4/.m2/repo1/org/springframework/data/spring-data-rest-webmvc/3.2.7.RELEASE/spring-data-rest-webmvc-3.2.7.RELEASE.jar:/Users/blakshm4/.m2/repo1/org/springframework/data/spring-data-rest-core/3.2.7.RELEASE/spring-data-rest-core-3.2.7.RELEASE.jar:/Users/blakshm4/.m2/repo1/org/springframework/hateoas/spring-hateoas/1.0.5.RELEASE/spring-hateoas-1.0.5.RELEASE.jar:/Users/blakshm4/.m2/repo1/org/springframework/plugin/spring-plugin-core/2.0.0.RELEASE/spring-plugin-core-2.0.0.RELEASE.jar:/Users/blakshm4/.m2/repo1/org/atteo/evo-inflector/1.2.2/evo-inflector-1.2.2.jar:/Users/blakshm4/.m2/repo1/com/fasterxml/jackson/core/jackson-databind/2.10.4/jackson-databind-2.10.4.jar:/Users/blakshm4/.m2/repo1/com/fasterxml/jackson/core/jackson-core/2.10.4/jackson-core-2.10.4.jar:/Users/blakshm4/.m2/repo1/com/fasterxml/jackson/core/jackson-annotations/2.10.4/jackson-annotations-2.10.4.jar:/Users/blakshm4/.m2/repo1/org/slf4j/slf4j-api/1.7.30/slf4j-api-1.7.30.jar:/Users/blakshm4/.m2/repo1/org/springframework/boot/spring-boot-starter-web/2.2.7.RELEASE/spring-boot-starter-web-2.2.7.RELEASE.jar:/Users/blakshm4/.m2/repo1/org/springframework/boot/spring-boot-starter/2.2.7.RELEASE/spring-boot-starter-2.2.7.RELEASE.jar:/Users/blakshm4/.m2/repo1/org/springframework/boot/spring-boot/2.2.7.RELEASE/spring-boot-2.2.7.RELEASE.jar:/Users/blakshm4/.m2/repo1/org/springframework/boot/spring-boot-autoconfigure/2.2.7.RELEASE/spring-boot-autoconfigure-2.2.7.RELEASE.jar:/Users/blakshm4/.m2/repo1/org/springframework/boot/spring-boot-starter-logging/2.2.7.RELEASE/spring-boot-starter-logging-2.2.7.RELEASE.jar:/Users/blakshm4/.m2/repo1/ch/qos/logback/logback-classic/1.2.3/logback-classic-1.2.3.jar:/Users/blakshm4/.m2/repo1/ch/qos/logback/logback-core/1.2.3/logback-core-1.2.3.jar:/Users/blakshm4/.m2/repo1/org/apache/logging/log4j/log4j-to-slf4j/2.12.1/log4j-to-slf4j-2.12.1.jar:/Users/blakshm4/.m2/repo1/org/apache/logging/log4j/log4j-api/2.12.1/log4j-api-2.12.1.jar:/Users/blakshm4/.m2/repo1/org/slf4j/jul-to-slf4j/1.7.30/jul-to-slf4j-1.7.30.jar:/Users/blakshm4/.m2/repo1/jakarta/annotation/jakarta.annotation-api/1.3.5/jakarta.annotation-api-1.3.5.jar:/Users/blakshm4/.m2/repo1/org/yaml/snakeyaml/1.25/snakeyaml-1.25.jar:/Users/blakshm4/.m2/repo1/org/springframework/boot/spring-boot-starter-json/2.2.7.RELEASE/spring-boot-starter-json-2.2.7.RELEASE.jar:/Users/blakshm4/.m2/repo1/com/fasterxml/jackson/datatype/jackson-datatype-jdk8/2.10.4/jackson-datatype-jdk8-2.10.4.jar:/Users/blakshm4/.m2/repo1/com/fasterxml/jackson/datatype/jackson-datatype-jsr310/2.10.4/jackson-datatype-jsr310-2.10.4.jar:/Users/blakshm4/.m2/repo1/com/fasterxml/jackson/module/jackson-module-parameter-names/2.10.4/jackson-module-parameter-names-2.10.4.jar:/Users/blakshm4/.m2/repo1/org/springframework/boot/spring-boot-starter-tomcat/2.2.7.RELEASE/spring-boot-starter-tomcat-2.2.7.RELEASE.jar:/Users/blakshm4/.m2/repo1/org/apache/tomcat/embed/tomcat-embed-core/9.0.34/tomcat-embed-core-9.0.34.jar:/Users/blakshm4/.m2/repo1/org/apache/tomcat/embed/tomcat-embed-el/9.0.34/tomcat-embed-el-9.0.34.jar:/Users/blakshm4/.m2/repo1/org/apache/tomcat/embed/tomcat-embed-websocket/9.0.34/tomcat-embed-websocket-9.0.34.jar:/Users/blakshm4/.m2/repo1/org/springframework/boot/spring-boot-starter-validation/2.2.7.RELEASE/spring-boot-starter-validation-2.2.7.RELEASE.jar:/Users/blakshm4/.m2/repo1/jakarta/validation/jakarta.validation-api/2.0.2/jakarta.validation-api-2.0.2.jar:/Users/blakshm4/.m2/repo1/org/hibernate/validator/hibernate-validator/6.0.19.Final/hibernate-validator-6.0.19.Final.jar:/Users/blakshm4/.m2/repo1/org/springframework/spring-web/5.2.6.RELEASE/spring-web-5.2.6.RELEASE.jar:/Users/blakshm4/.m2/repo1/org/springframework/spring-beans/5.2.6.RELEASE/spring-beans-5.2.6.RELEASE.jar:/Users/blakshm4/.m2/repo1/org/springframework/spring-webmvc/5.2.6.RELEASE/spring-webmvc-5.2.6.RELEASE.jar:/Users/blakshm4/.m2/repo1/org/springframework/spring-aop/5.2.6.RELEASE/spring-aop-5.2.6.RELEASE.jar:/Users/blakshm4/.m2/repo1/org/springframework/spring-context/5.2.6.RELEASE/spring-context-5.2.6.RELEASE.jar:/Users/blakshm4/.m2/repo1/org/springframework/spring-expression/5.2.6.RELEASE/spring-expression-5.2.6.RELEASE.jar:/Users/blakshm4/.m2/repo1/org/springframework/boot/spring-boot-starter-web-services/2.2.7.RELEASE/spring-boot-starter-web-services-2.2.7.RELEASE.jar:/Users/blakshm4/.m2/repo1/com/sun/xml/messaging/saaj/saaj-impl/1.5.2/saaj-impl-1.5.2.jar:/Users/blakshm4/.m2/repo1/jakarta/xml/soap/jakarta.xml.soap-api/1.4.2/jakarta.xml.soap-api-1.4.2.jar:/Users/blakshm4/.m2/repo1/org/jvnet/staxex/stax-ex/1.8.3/stax-ex-1.8.3.jar:/Users/blakshm4/.m2/repo1/com/sun/activation/jakarta.activation/1.2.2/jakarta.activation-1.2.2.jar:/Users/blakshm4/.m2/repo1/jakarta/xml/ws/jakarta.xml.ws-api/2.3.3/jakarta.xml.ws-api-2.3.3.jar:/Users/blakshm4/.m2/repo1/jakarta/jws/jakarta.jws-api/2.1.0/jakarta.jws-api-2.1.0.jar:/Users/blakshm4/.m2/repo1/org/springframework/spring-oxm/5.2.6.RELEASE/spring-oxm-5.2.6.RELEASE.jar:/Users/blakshm4/.m2/repo1/org/springframework/ws/spring-ws-core/3.0.9.RELEASE/spring-ws-core-3.0.9.RELEASE.jar:/Users/blakshm4/.m2/repo1/org/springframework/ws/spring-xml/3.0.9.RELEASE/spring-xml-3.0.9.RELEASE.jar:/Users/blakshm4/.m2/repo1/org/springframework/boot/spring-boot-starter-data-jpa/2.2.7.RELEASE/spring-boot-starter-data-jpa-2.2.7.RELEASE.jar:/Users/blakshm4/.m2/repo1/org/springframework/boot/spring-boot-starter-aop/2.2.7.RELEASE/spring-boot-starter-aop-2.2.7.RELEASE.jar:/Users/blakshm4/.m2/repo1/org/aspectj/aspectjweaver/1.9.5/aspectjweaver-1.9.5.jar:/Users/blakshm4/.m2/repo1/org/springframework/boot/spring-boot-starter-jdbc/2.2.7.RELEASE/spring-boot-starter-jdbc-2.2.7.RELEASE.jar:/Users/blakshm4/.m2/repo1/com/zaxxer/HikariCP/3.4.3/HikariCP-3.4.3.jar:/Users/blakshm4/.m2/repo1/org/springframework/spring-jdbc/5.2.6.RELEASE/spring-jdbc-5.2.6.RELEASE.jar:/Users/blakshm4/.m2/repo1/jakarta/persistence/jakarta.persistence-api/2.2.3/jakarta.persistence-api-2.2.3.jar:/Users/blakshm4/.m2/repo1/jakarta/transaction/jakarta.transaction-api/1.3.3/jakarta.transaction-api-1.3.3.jar:/Users/blakshm4/.m2/repo1/org/hibernate/hibernate-core/5.4.15.Final/hibernate-core-5.4.15.Final.jar:/Users/blakshm4/.m2/repo1/org/jboss/logging/jboss-logging/3.4.1.Final/jboss-logging-3.4.1.Final.jar:/Users/blakshm4/.m2/repo1/org/javassist/javassist/3.24.0-GA/javassist-3.24.0-GA.jar:/Users/blakshm4/.m2/repo1/net/bytebuddy/byte-buddy/1.10.10/byte-buddy-1.10.10.jar:/Users/blakshm4/.m2/repo1/antlr/antlr/2.7.7/antlr-2.7.7.jar:/Users/blakshm4/.m2/repo1/org/jboss/jandex/2.1.3.Final/jandex-2.1.3.Final.jar:/Users/blakshm4/.m2/repo1/com/fasterxml/classmate/1.5.1/classmate-1.5.1.jar:/Users/blakshm4/.m2/repo1/org/dom4j/dom4j/2.1.3/dom4j-2.1.3.jar:/Users/blakshm4/.m2/repo1/org/hibernate/common/hibernate-commons-annotations/5.1.0.Final/hibernate-commons-annotations-5.1.0.Final.jar:/Users/blakshm4/.m2/repo1/org/glassfish/jaxb/jaxb-runtime/2.3.3/jaxb-runtime-2.3.3.jar:/Users/blakshm4/.m2/repo1/org/glassfish/jaxb/txw2/2.3.3/txw2-2.3.3.jar:/Users/blakshm4/.m2/repo1/com/sun/istack/istack-commons-runtime/3.0.11/istack-commons-runtime-3.0.11.jar:/Users/blakshm4/.m2/repo1/org/springframework/data/spring-data-jpa/2.2.7.RELEASE/spring-data-jpa-2.2.7.RELEASE.jar:/Users/blakshm4/.m2/repo1/org/springframework/data/spring-data-commons/2.2.7.RELEASE/spring-data-commons-2.2.7.RELEASE.jar:/Users/blakshm4/.m2/repo1/org/springframework/spring-orm/5.2.6.RELEASE/spring-orm-5.2.6.RELEASE.jar:/Users/blakshm4/.m2/repo1/org/springframework/spring-tx/5.2.6.RELEASE/spring-tx-5.2.6.RELEASE.jar:/Users/blakshm4/.m2/repo1/org/springframework/spring-aspects/5.2.6.RELEASE/spring-aspects-5.2.6.RELEASE.jar:/Users/blakshm4/.m2/repo1/org/postgresql/postgresql/42.2.12/postgresql-42.2.12.jar:/Users/blakshm4/.m2/repo1/mysql/mysql-connector-java/8.0.20/mysql-connector-java-8.0.20.jar:/Users/blakshm4/.m2/repo1/org/springframework/boot/spring-boot-starter-test/2.2.7.RELEASE/spring-boot-starter-test-2.2.7.RELEASE.jar:/Users/blakshm4/.m2/repo1/org/springframework/boot/spring-boot-test/2.2.7.RELEASE/spring-boot-test-2.2.7.RELEASE.jar:/Users/blakshm4/.m2/repo1/org/springframework/boot/spring-boot-test-autoconfigure/2.2.7.RELEASE/spring-boot-test-autoconfigure-2.2.7.RELEASE.jar:/Users/blakshm4/.m2/repo1/com/jayway/jsonpath/json-path/2.4.0/json-path-2.4.0.jar:/Users/blakshm4/.m2/repo1/net/minidev/json-smart/2.3/json-smart-2.3.jar:/Users/blakshm4/.m2/repo1/net/minidev/accessors-smart/1.2/accessors-smart-1.2.jar:/Users/blakshm4/.m2/repo1/org/ow2/asm/asm/5.0.4/asm-5.0.4.jar:/Users/blakshm4/.m2/repo1/jakarta/xml/bind/jakarta.xml.bind-api/2.3.3/jakarta.xml.bind-api-2.3.3.jar:/Users/blakshm4/.m2/repo1/jakarta/activation/jakarta.activation-api/1.2.2/jakarta.activation-api-1.2.2.jar:/Users/blakshm4/.m2/repo1/org/junit/jupiter/junit-jupiter/5.5.2/junit-jupiter-5.5.2.jar:/Users/blakshm4/.m2/repo1/org/junit/jupiter/junit-jupiter-api/5.5.2/junit-jupiter-api-5.5.2.jar:/Users/blakshm4/.m2/repo1/org/apiguardian/apiguardian-api/1.1.0/apiguardian-api-1.1.0.jar:/Users/blakshm4/.m2/repo1/org/opentest4j/opentest4j/1.2.0/opentest4j-1.2.0.jar:/Users/blakshm4/.m2/repo1/org/junit/platform/junit-platform-commons/1.5.2/junit-platform-commons-1.5.2.jar:/Users/blakshm4/.m2/repo1/org/junit/jupiter/junit-jupiter-params/5.5.2/junit-jupiter-params-5.5.2.jar:/Users/blakshm4/.m2/repo1/org/junit/jupiter/junit-jupiter-engine/5.5.2/junit-jupiter-engine-5.5.2.jar:/Users/blakshm4/.m2/repo1/org/junit/platform/junit-platform-engine/1.5.2/junit-platform-engine-1.5.2.jar:/Users/blakshm4/.m2/repo1/org/mockito/mockito-junit-jupiter/3.1.0/mockito-junit-jupiter-3.1.0.jar:/Users/blakshm4/.m2/repo1/org/assertj/assertj-core/3.13.2/assertj-core-3.13.2.jar:/Users/blakshm4/.m2/repo1/org/hamcrest/hamcrest/2.1/hamcrest-2.1.jar:/Users/blakshm4/.m2/repo1/org/mockito/mockito-core/3.1.0/mockito-core-3.1.0.jar:/Users/blakshm4/.m2/repo1/net/bytebuddy/byte-buddy-agent/1.10.10/byte-buddy-agent-1.10.10.jar:/Users/blakshm4/.m2/repo1/org/objenesis/objenesis/2.6/objenesis-2.6.jar:/Users/blakshm4/.m2/repo1/org/skyscreamer/jsonassert/1.5.0/jsonassert-1.5.0.jar:/Users/blakshm4/.m2/repo1/com/vaadin/external/google/android-json/0.0.20131108.vaadin1/android-json-0.0.20131108.vaadin1.jar:/Users/blakshm4/.m2/repo1/org/springframework/spring-core/5.2.6.RELEASE/spring-core-5.2.6.RELEASE.jar:/Users/blakshm4/.m2/repo1/org/springframework/spring-jcl/5.2.6.RELEASE/spring-jcl-5.2.6.RELEASE.jar:/Users/blakshm4/.m2/repo1/org/springframework/spring-test/5.2.6.RELEASE/spring-test-5.2.6.RELEASE.jar:/Users/blakshm4/.m2/repo1/org/xmlunit/xmlunit-core/2.6.4/xmlunit-core-2.6.4.jar:"/>
    <property name="sun.cpu.endian" value="little"/>
    <property name="user.home" value="/Users/blakshm4"/>
    <property name="user.language" value="en"/>
    <property name="java.specification.vendor" value="Oracle Corporation"/>
    <property name="java.home" value="/Library/Java/JavaVirtualMachines/jdk1.8.0_191.jdk/Contents/Home/jre"/>
    <property name="basedir" value="/Users/blakshm4/hackathoncovid"/>
    <property name="file.separator" value="/"/>
    <property name="line.separator" value="&#10;"/>
    <property name="java.vm.specification.vendor" value="Oracle Corporation"/>
    <property name="java.specification.name" value="Java Platform API Specification"/>
    <property name="java.awt.graphicsenv" value="sun.awt.CGraphicsEnvironment"/>
    <property name="surefire.real.class.path" value="/Users/blakshm4/hackathoncovid/target/surefire/surefirebooter5723724491034301113.jar"/>
    <property name="sun.boot.class.path" value="/Library/Java/JavaVirtualMachines/jdk1.8.0_191.jdk/Contents/Home/jre/lib/resources.jar:/Library/Java/JavaVirtualMachines/jdk1.8.0_191.jdk/Contents/Home/jre/lib/rt.jar:/Library/Java/JavaVirtualMachines/jdk1.8.0_191.jdk/Contents/Home/jre/lib/sunrsasign.jar:/Library/Java/JavaVirtualMachines/jdk1.8.0_191.jdk/Contents/Home/jre/lib/jsse.jar:/Library/Java/JavaVirtualMachines/jdk1.8.0_191.jdk/Contents/Home/jre/lib/jce.jar:/Library/Java/JavaVirtualMachines/jdk1.8.0_191.jdk/Contents/Home/jre/lib/charsets.jar:/Library/Java/JavaVirtualMachines/jdk1.8.0_191.jdk/Contents/Home/jre/lib/jfr.jar:/Library/Java/JavaVirtualMachines/jdk1.8.0_191.jdk/Contents/Home/jre/classes"/>
    <property name="sun.management.compiler" value="HotSpot 64-Bit Tiered Compilers"/>
    <property name="java.runtime.version" value="1.8.0_191-b12"/>
    <property name="user.name" value="blakshm4"/>
    <property name="path.separator" value=":"/>
    <property name="os.version" value="10.13.6"/>
    <property name="java.endorsed.dirs" value="/Library/Java/JavaVirtualMachines/jdk1.8.0_191.jdk/Contents/Home/jre/lib/endorsed"/>
    <property name="java.runtime.name" value="Java(TM) SE Runtime Environment"/>
    <property name="file.encoding" value="US-ASCII"/>
    <property name="java.vm.name" value="Java HotSpot(TM) 64-Bit Server VM"/>
    <property name="localRepository" value="/Users/blakshm4/.m2/repo1"/>
    <property name="java.vendor.url.bug" value="http://bugreport.sun.com/bugreport/"/>
    <property name="java.io.tmpdir" value="/var/folders/k4/xrl882913kz1zrjty49hdd6c8lq2d1/T/"/>
    <property name="java.version" value="1.8.0_191"/>
    <property name="user.dir" value="/Users/blakshm4/hackathoncovid"/>
    <property name="os.arch" value="x86_64"/>
    <property name="java.vm.specification.name" value="Java Virtual Machine Specification"/>
    <property name="java.awt.printerjob" value="sun.lwawt.macosx.CPrinterJob"/>
    <property name="sun.os.patch.level" value="unknown"/>
    <property name="idea.version2019.1" value="true"/>
    <property name="java.library.path" value="/Users/blakshm4/Library/Java/Extensions:/Library/Java/Extensions:/Network/Library/Java/Extensions:/System/Library/Java/Extensions:/usr/lib/java:."/>
    <property name="java.vm.info" value="mixed mode"/>
    <property name="java.vendor" value="Oracle Corporation"/>
    <property name="java.vm.version" value="25.191-b12"/>
    <property name="java.ext.dirs" value="/Users/blakshm4/Library/Java/Extensions:/Library/Java/JavaVirtualMachines/jdk1.8.0_191.jdk/Contents/Home/jre/lib/ext:/Library/Java/Extensions:/Network/Library/Java/Extensions:/System/Library/Java/Extensions:/usr/lib/java"/>
    <property name="sun.io.unicode.encoding" value="UnicodeBig"/>
    <property name="java.class.version" value="52.0"/>
  </properties>
  <testcase name="contextLoads" classname="com.example.hackathoncovid.HackathoncovidApplicationTests" time="0.065"/>
</testsuite>